Arguments: 
  D:\Applikasi\nodejs\node.exe C:\Users\Jonathan Orlen\AppData\Roaming\npm\node_modules\yarn\bin\yarn.js add axios

PATH: 
  C:\Python38\Scripts\;C:\Python38\;C:\Program Files (x86)\Common Files\Oracle\Java\javapath;C:\Program Files (x86)\Common Files\Intel\Shared Files\cpp\bin\Intel64;C:\Program Files (x86)\Common Files\Intel\Shared Libraries\redist\intel64\compiler;C:\WINDOWS\system32;C:\WINDOWS;C:\WINDOWS\System32\Wbem;C:\WINDOWS\System32\WindowsPowerShell\v1.0\;C:\WINDOWS\System32\OpenSSH\;C:\Program Files (x86)\QuickTime\QTSystem\;C:\src\flutter\bin;C:\Program Files\Microsoft SQL Server\120\Tools\Binn\;%JAVA_HOME%\bin;C:\gradle-5.5.1\bin;C:\Program Files\Git\cmd;C:\ProgramData\chocolatey\bin;C:\Program Files\Git\bin;C:\xampp\php;C:\ProgramData\ComposerSetup\bin;C:\Program Files\dotnet\;D:\cmder;D:\Applikasi\nodejs\;C:\Users\Jonathan Orlen\AppData\Local\Programs\Python\Python38-32\Scripts\;C:\Users\Jonathan Orlen\AppData\Local\Programs\Python\Python38-32\;C:\Users\Jonathan Orlen\AppData\Local\Microsoft\WindowsApps;C:\Program Files\JetBrains\IntelliJ IDEA Community Edition 2019.2\bin;C:\Users\Jonathan Orlen\AppData\Local\Programs\Microsoft VS Code\bin;C:\Users\Jonathan Orlen\AppData\Roaming\Composer\vendor\bin;D:\Applikasi\heroku\bin;C:\Users\Jonathan Orlen\.dotnet\tools;D:\cmder;C:\Users\Jonathan Orlen\AppData\Roaming\npm;%USERPROFILE%\AppData\Local\Microsoft\WindowsApps;

Yarn version: 
  1.22.10

Node version: 
  12.18.0

Platform: 
  win32 x64

Trace: 
  Error: https://registry.npmjs.org/vue: error:0909006C:PEM routines:get_name:no start line
      at Object.createSecureContext (_tls_common.js:149:17)
      at Object.connect (_tls_wrap.js:1588:48)
      at Agent.createConnection (https.js:130:22)
      at Agent.createSocket (_http_agent.js:281:26)
      at Agent.addRequest (_http_agent.js:240:10)
      at new ClientRequest (_http_client.js:296:16)
      at Object.request (https.js:314:10)
      at Request.module.exports.Request.start (C:\Users\Jonathan Orlen\AppData\Roaming\npm\node_modules\yarn\lib\cli.js:141224:32)
      at Request.module.exports.Request.end (C:\Users\Jonathan Orlen\AppData\Roaming\npm\node_modules\yarn\lib\cli.js:141983:10)
      at end (C:\Users\Jonathan Orlen\AppData\Roaming\npm\node_modules\yarn\lib\cli.js:141037:14)

npm manifest: 
  {
    "name": "vue-vite",
    "version": "0.0.0",
    "scripts": {
      "dev": "vite",
      "build": "vite build"
    },
    "dependencies": {
      "vue": "^3.0.5"
    },
    "devDependencies": {
      "@vitejs/plugin-vue": "^1.0.4",
      "@vue/compiler-sfc": "^3.0.5",
      "vite": "^2.0.0-beta.12"
    }
  }

yarn manifest: 
  No manifest

Lockfile: 
  No lockfile
